The system is: Linux - 2.6.32-504.16.2.el6.x86_64 - x86_64
Compiling the Fortran compiler identification source file "CMakeFortranCompilerId.F" succeeded.
Compiler: /share/apps/intel/composer_xe_2013.1.117/bin/intel64/ifort 
Build flags: 
Id flags: -v

The output was:
0
ifort version 13.0.1
/share/apps/intel/composer_xe_2013.1.117/bin/intel64/fpp    -D__INTEL_COMPILER=1300 -D__unix__ -D__unix -D__linux__ -D__linux -D__gnu_linux__ -Dunix -Dlinux -D__ELF__ -D__x86_64 -D__x86_64__ -D_MT -D__INTEL_COMPILER_BUILD_DATE=20121010 -D__INTEL_OFFLOAD -D__i686 -D__i686__ -D__pentiumpro -D__pentiumpro__ -D__pentium4 -D__pentium4__ -D__tune_pentium4__ -D__SSE2__ -D__SSE__ -D__MMX__ -I. -I/share/apps/intel/impi/5.0.3.048/intel64/include -I/share/apps/intel/composer_xe_2013.1.117/mkl/include -I/share/apps/intel/composer_xe_2013.1.117/tbb/include -I/share/apps/intel/composer_xe_2013.1.117/compiler/include/intel64 -I/share/apps/intel/composer_xe_2013.1.117/compiler/include -I/usr/local/include -I/usr/lib/gcc/x86_64-redhat-linux/4.4.7/include -I/usr/include -fixed -4Ycpp -4Ncvf -f_com=yes CMakeFortranCompilerId.F /tmp/ifortuq8o2I.i
#include "..." search starts here:
#include <...> search starts here:
 .
 /share/apps/intel/impi/5.0.3.048/intel64/include
 /share/apps/intel/composer_xe_2013.1.117/mkl/include
 /share/apps/intel/composer_xe_2013.1.117/tbb/include
 /share/apps/intel/composer_xe_2013.1.117/compiler/include/intel64
 /share/apps/intel/composer_xe_2013.1.117/compiler/include
 /usr/local/include
 /usr/lib/gcc/x86_64-redhat-linux/4.4.7/include
 /usr/include
End of search list.
/share/apps/intel/composer_xe_2013.1.117/bin/intel64/fortcom    -D__INTEL_COMPILER=1300 -D__unix__ -D__unix -D__linux__ -D__linux -D__gnu_linux__ -Dunix -Dlinux -D__ELF__ -D__x86_64 -D__x86_64__ -D_MT -D__INTEL_COMPILER_BUILD_DATE=20121010 -D__INTEL_OFFLOAD -D__i686 -D__i686__ -D__pentiumpro -D__pentiumpro__ -D__pentium4 -D__pentium4__ -D__tune_pentium4__ -D__SSE2__ -D__SSE__ -D__MMX__ -mGLOB_pack_sort_init_list -I. -I/share/apps/intel/impi/5.0.3.048/intel64/include -I/share/apps/intel/composer_xe_2013.1.117/mkl/include -I/share/apps/intel/composer_xe_2013.1.117/tbb/include -I/share/apps/intel/composer_xe_2013.1.117/compiler/include/intel64 -I/share/apps/intel/composer_xe_2013.1.117/compiler/include -I/usr/local/include -I/usr/lib/gcc/x86_64-redhat-linux/4.4.7/include -I/usr/include -O2 -simd -offload_host -mP1OPT_version=13.0-intel64 -mGLOB_diag_file=/tmp/ifortczZozD.diag -mGLOB_source_language=GLOB_SOURCE_LANGUAGE_F90 -mGLOB_tune_for_fort -mGLOB_use_fort_dope_vector -mP2OPT_static_promotion -mP1OPT_print_version=FALSE -mCG_use_gas_got_workaround=F -mP2OPT_align_option_used=TRUE -mGLOB_gcc_version=447 -mGLOB_options_string=-v -mGLOB_cxx_limited_range=FALSE -mCG_extend_parms=FALSE -mGLOB_compiler_bin_directory=/share/apps/intel/composer_xe_2013.1.117/bin/intel64 -mGLOB_as_output_backup_file_name=/tmp/ifortYWxiraas_.s -mIPOPT_activate -mIPOPT_lite -mGLOB_machine_model=GLOB_MACHINE_MODEL_EFI2 -mGLOB_product_id_code=0x22006d91 -mCG_bnl_movbe=T -mGLOB_extended_instructions=0x8 -mP3OPT_use_mspp_call_convention -mP2OPT_subs_out_of_bound=FALSE -mGLOB_ansi_alias -mPGOPTI_value_profile_use=T -mP2OPT_il0_array_sections=TRUE -mP2OPT_offload_unique_var_string=ifort836103874O3Z0Hh -mP2OPT_hlo_level=2 -mP2OPT_hlo -mP2OPT_hpo_rtt_control=0 -mIPOPT_args_in_regs=0 -mP2OPT_disam_assume_nonstd_intent_in=FALSE -mGLOB_imf_mapping_library=/share/apps/intel/composer_xe_2013.1.117/bin/intel64/libiml_attr.so -mIPOPT_obj_output_file_name=/tmp/ifortczZozD.o -mIPOPT_whole_archive_fixup_file_name=/tmp/ifortwarch6hiTVf "-mGLOB_linker_version=2.20.51.0.2-5.42.el6 20100205" -mGLOB_long_size_64 -mGLOB_routine_pointer_size_64 -mGLOB_driver_tempfile_name=/tmp/iforttempfileepygVq -mP3OPT_asm_target=P3OPT_ASM_TARGET_GAS -mGLOB_async_unwind_tables=TRUE -mGLOB_obj_output_file=/tmp/ifortczZozD.o -mGLOB_source_dialect=GLOB_SOURCE_DIALECT_FORTRAN -mP1OPT_source_file_name=CMakeFortranCompilerId.F -mP2OPT_symtab_type_copy=true /tmp/ifortuq8o2I.i
#include "..." search starts here:
#include <...> search starts here:
 .
 /share/apps/intel/impi/5.0.3.048/intel64/include
 /share/apps/intel/composer_xe_2013.1.117/mkl/include
 /share/apps/intel/composer_xe_2013.1.117/tbb/include
 /share/apps/intel/composer_xe_2013.1.117/compiler/include/intel64
 /share/apps/intel/composer_xe_2013.1.117/compiler/include
 /usr/local/include
 /usr/lib/gcc/x86_64-redhat-linux/4.4.7/include
 /usr/include
End of search list.
ld    /usr/lib/gcc/x86_64-redhat-linux/4.4.7/../../../../lib64/crt1.o /usr/lib/gcc/x86_64-redhat-linux/4.4.7/../../../../lib64/crti.o /usr/lib/gcc/x86_64-redhat-linux/4.4.7/crtbegin.o --eh-frame-hdr --build-id -dynamic-linker /lib64/ld-linux-x86-64.so.2 -o a.out /share/apps/intel/composer_xe_2013.1.117/compiler/lib/intel64/for_main.o -L/share/apps/intel/composer_xe_2013.1.117/compiler/lib/intel64 -L/share/apps/intel/composer_xe_2013.1.117/mkl/lib/intel64 -L/share/apps/intel/composer_xe_2013.1.117/ipp/lib/intel64 -L/share/apps/intel/composer_xe_2013.1.117/tbb/lib/intel64/gcc4.4 -L/share/apps/intel/composer_xe_2013.1.117/compiler/lib/intel64 -L/usr/lib/gcc/x86_64-redhat-linux/4.4.7/ -L/usr/lib/gcc/x86_64-redhat-linux/4.4.7/../../../../lib64 -L/usr/lib/gcc/x86_64-redhat-linux/4.4.7/../../../../lib64/ -L/lib/../lib64 -L/lib/../lib64/ -L/usr/lib/../lib64 -L/usr/lib/../lib64/ -L/share/apps/intel/composer_xe_2013.1.117/compiler/lib/intel64/ -L/share/apps/intel/composer_xe_2013.1.117/mkl/lib/intel64/ -L/share/apps/intel/composer_xe_2013.1.117/ipp/lib/intel64/ -L/usr/lib/gcc/x86_64-redhat-linux/4.4.7/../../../ -L/lib64 -L/lib/ -L/usr/lib64 -L/usr/lib /tmp/ifortczZozD.o -Bstatic -lifport -lifcore -limf -lsvml -Bdynamic -lm -Bstatic -lipgo -lirc -Bdynamic -lpthread -Bstatic -lsvml -Bdynamic -lc -lgcc -lgcc_s -Bstatic -lirc_s -Bdynamic -ldl -lc /usr/lib/gcc/x86_64-redhat-linux/4.4.7/crtend.o /usr/lib/gcc/x86_64-redhat-linux/4.4.7/../../../../lib64/crtn.o


Compilation of the Fortran compiler identification source "CMakeFortranCompilerId.F" produced "a.out"

The Fortran compiler identification is Intel, found in "/home/rs/software/MCCCS-MN-10-21/exe-ifort-10-21/CMakeFiles/3.4.3/CompilerIdFortran/a.out"

Determining if the Fortran compiler works passed with the following output:
Change Dir: /home/rs/software/MCCCS-MN-10-21/exe-ifort-10-21/CMakeFiles/CMakeTmp

Run Build Command:"/usr/bin/gmake" "cmTC_ad62e/fast"
/usr/bin/gmake -f CMakeFiles/cmTC_ad62e.dir/build.make CMakeFiles/cmTC_ad62e.dir/build
gmake[1]: Entering directory `/home/rs/software/MCCCS-MN-10-21/exe-ifort-10-21/CMakeFiles/CMakeTmp'
Building Fortran object CMakeFiles/cmTC_ad62e.dir/testFortranCompiler.f.o
/share/apps/intel/composer_xe_2013.1.117/bin/intel64/ifort     -c /home/rs/software/MCCCS-MN-10-21/exe-ifort-10-21/CMakeFiles/CMakeTmp/testFortranCompiler.f -o CMakeFiles/cmTC_ad62e.dir/testFortranCompiler.f.o
Linking Fortran executable cmTC_ad62e
/share/apps/cmake-3.4.3/bin/cmake -E cmake_link_script CMakeFiles/cmTC_ad62e.dir/link.txt --verbose=1
/share/apps/intel/composer_xe_2013.1.117/bin/intel64/ifort       CMakeFiles/cmTC_ad62e.dir/testFortranCompiler.f.o  -o cmTC_ad62e  
gmake[1]: Leaving directory `/home/rs/software/MCCCS-MN-10-21/exe-ifort-10-21/CMakeFiles/CMakeTmp'


Detecting Fortran compiler ABI info compiled with the following output:
Change Dir: /home/rs/software/MCCCS-MN-10-21/exe-ifort-10-21/CMakeFiles/CMakeTmp

Run Build Command:"/usr/bin/gmake" "cmTC_6c7c0/fast"
/usr/bin/gmake -f CMakeFiles/cmTC_6c7c0.dir/build.make CMakeFiles/cmTC_6c7c0.dir/build
gmake[1]: Entering directory `/home/rs/software/MCCCS-MN-10-21/exe-ifort-10-21/CMakeFiles/CMakeTmp'
Building Fortran object CMakeFiles/cmTC_6c7c0.dir/CMakeFortranCompilerABI.F.o
/share/apps/intel/composer_xe_2013.1.117/bin/intel64/ifort     -c /share/apps/cmake-3.4.3/share/cmake-3.4/Modules/CMakeFortranCompilerABI.F -o CMakeFiles/cmTC_6c7c0.dir/CMakeFortranCompilerABI.F.o
Linking Fortran executable cmTC_6c7c0
/share/apps/cmake-3.4.3/bin/cmake -E cmake_link_script CMakeFiles/cmTC_6c7c0.dir/link.txt --verbose=1
/share/apps/intel/composer_xe_2013.1.117/bin/intel64/ifort    -v   CMakeFiles/cmTC_6c7c0.dir/CMakeFortranCompilerABI.F.o  -o cmTC_6c7c0   
ifort version 13.0.1
/share/apps/intel/composer_xe_2013.1.117/bin/intel64/fortcom    -mP1OPT_version=13.0-intel64 -mGLOB_diag_file=CMakeFiles/cmTC_6c7c0.dir/CMakeFortranCompilerABI.F.diag -mGLOB_source_language=GLOB_SOURCE_LANGUAGE_F90 -mGLOB_tune_for_fort -mGLOB_use_fort_dope_vector -mP2OPT_static_promotion -mP1OPT_print_version=FALSE -mCG_use_gas_got_workaround=F -mP2OPT_align_option_used=TRUE -mGLOB_gcc_version=447 "-mGLOB_options_string=-v -o cmTC_6c7c0" -mGLOB_cxx_limited_range=FALSE -mCG_extend_parms=FALSE -mGLOB_compiler_bin_directory=/share/apps/intel/composer_xe_2013.1.117/bin/intel64 -mGLOB_as_output_backup_file_name=/tmp/ifort9cLzemas_.s -mIPOPT_activate -mGLOB_machine_model=GLOB_MACHINE_MODEL_EFI2 -mGLOB_product_id_code=0x22006d91 -mCG_bnl_movbe=T -mP3OPT_use_mspp_call_convention -mP2OPT_subs_out_of_bound=FALSE -mGLOB_ansi_alias -mPGOPTI_value_profile_use=T -mP2OPT_il0_array_sections=TRUE -mP2OPT_offload_unique_var_string=ifort1990170100DUUs6K -mP2OPT_hlo -mP2OPT_hpo_rtt_control=0 -mIPOPT_args_in_regs=0 -mP2OPT_disam_assume_nonstd_intent_in=FALSE -mGLOB_imf_mapping_library=/share/apps/intel/composer_xe_2013.1.117/bin/intel64/libiml_attr.so -mIPOPT_link -mIPOPT_ipo_activate -mIPOPT_mo_activate -mIPOPT_source_files_list=/tmp/ifortslisa7XRo2 -mIPOPT_mo_global_data -mIPOPT_link_script_file=/tmp/ifortscriptQPkG08 "-mIPOPT_link_version=2.20.51.0.2-5.42.el6 20100205" "-mIPOPT_cmdline_link="/usr/lib/gcc/x86_64-redhat-linux/4.4.7/../../../../lib64/crt1.o" "/usr/lib/gcc/x86_64-redhat-linux/4.4.7/../../../../lib64/crti.o" "/usr/lib/gcc/x86_64-redhat-linux/4.4.7/crtbegin.o" "--eh-frame-hdr" "--build-id" "-dynamic-linker" "/lib64/ld-linux-x86-64.so.2" "-o" "cmTC_6c7c0" "/share/apps/intel/composer_xe_2013.1.117/compiler/lib/intel64/for_main.o" "-L/share/apps/intel/composer_xe_2013.1.117/compiler/lib/intel64" "-L/share/apps/intel/composer_xe_2013.1.117/mkl/lib/intel64" "-L/share/apps/intel/composer_xe_2013.1.117/ipp/lib/intel64" "-L/share/apps/intel/composer_xe_2013.1.117/tbb/lib/intel64/gcc4.4" "-L/share/apps/intel/composer_xe_2013.1.117/compiler/lib/intel64" "-L/usr/lib/gcc/x86_64-redhat-linux/4.4.7/" "-L/usr/lib/gcc/x86_64-redhat-linux/4.4.7/../../../../lib64" "-L/usr/lib/gcc/x86_64-redhat-linux/4.4.7/../../../../lib64/" "-L/lib/../lib64" "-L/lib/../lib64/" "-L/usr/lib/../lib64" "-L/usr/lib/../lib64/" "-L/share/apps/intel/composer_xe_2013.1.117/compiler/lib/intel64/" "-L/share/apps/intel/composer_xe_2013.1.117/mkl/lib/intel64/" "-L/share/apps/intel/composer_xe_2013.1.117/ipp/lib/intel64/" "-L/usr/lib/gcc/x86_64-redhat-linux/4.4.7/../../../" "-L/lib64" "-L/lib/" "-L/usr/lib64" "-L/usr/lib" "CMakeFiles/cmTC_6c7c0.dir/CMakeFortranCompilerABI.F.o" "-Bstatic" "-lifport" "-lifcore" "-limf" "-lsvml" "-Bdynamic" "-lm" "-Bstatic" "-lipgo" "-lirc" "-Bdynamic" "-lpthread" "-Bstatic" "-lsvml" "-Bdynamic" "-lc" "-lgcc" "-lgcc_s" "-Bstatic" "-lirc_s" "-Bdynamic" "-ldl" "-lc" "/usr/lib/gcc/x86_64-redhat-linux/4.4.7/crtend.o" "/usr/lib/gcc/x86_64-redhat-linux/4.4.7/../../../../lib64/crtn.o"" -mIPOPT_il_in_obj -mIPOPT_ipo_activate_warn=FALSE -mIPOPT_obj_output_file_name=/tmp/ipo_ifortU8g4Jo.o -mIPOPT_whole_archive_fixup_file_name=/tmp/ifortwarchErEkXj "-mGLOB_linker_version=2.20.51.0.2-5.42.el6 20100205" -mGLOB_long_size_64 -mGLOB_routine_pointer_size_64 -mGLOB_driver_tempfile_name=/tmp/iforttempfileCmu7Bq -mP3OPT_asm_target=P3OPT_ASM_TARGET_GAS -mGLOB_async_unwind_tables=TRUE -mGLOB_obj_output_file=/tmp/ipo_ifortU8g4Jo.o -mGLOB_source_dialect=GLOB_SOURCE_DIALECT_NONE -mP1OPT_source_file_name=ipo_out.f -mP2OPT_symtab_type_copy=true CMakeFiles/cmTC_6c7c0.dir/CMakeFortranCompilerABI.F.o -mIPOPT_object_files=T -mIPOPT_assembly_files=/tmp/ifortalisbMAEXB -mIPOPT_generated_tempfiles=/tmp/ifortelisdF6rzI -mIPOPT_embedded_object_base_name=/tmp/iforteobjn8PfbP -mIPOPT_cmdline_link_new_name=/tmp/ifortllisR1N3MV
ld    /usr/lib/gcc/x86_64-redhat-linux/4.4.7/../../../../lib64/crt1.o /usr/lib/gcc/x86_64-redhat-linux/4.4.7/../../../../lib64/crti.o /usr/lib/gcc/x86_64-redhat-linux/4.4.7/crtbegin.o --eh-frame-hdr --build-id -dynamic-linker /lib64/ld-linux-x86-64.so.2 -o cmTC_6c7c0 /share/apps/intel/composer_xe_2013.1.117/compiler/lib/intel64/for_main.o -L/share/apps/intel/composer_xe_2013.1.117/compiler/lib/intel64 -L/share/apps/intel/composer_xe_2013.1.117/mkl/lib/intel64 -L/share/apps/intel/composer_xe_2013.1.117/ipp/lib/intel64 -L/share/apps/intel/composer_xe_2013.1.117/tbb/lib/intel64/gcc4.4 -L/share/apps/intel/composer_xe_2013.1.117/compiler/lib/intel64 -L/usr/lib/gcc/x86_64-redhat-linux/4.4.7/ -L/usr/lib/gcc/x86_64-redhat-linux/4.4.7/../../../../lib64 -L/usr/lib/gcc/x86_64-redhat-linux/4.4.7/../../../../lib64/ -L/lib/../lib64 -L/lib/../lib64/ -L/usr/lib/../lib64 -L/usr/lib/../lib64/ -L/share/apps/intel/composer_xe_2013.1.117/compiler/lib/intel64/ -L/share/apps/intel/composer_xe_2013.1.117/mkl/lib/intel64/ -L/share/apps/intel/composer_xe_2013.1.117/ipp/lib/intel64/ -L/usr/lib/gcc/x86_64-redhat-linux/4.4.7/../../../ -L/lib64 -L/lib/ -L/usr/lib64 -L/usr/lib CMakeFiles/cmTC_6c7c0.dir/CMakeFortranCompilerABI.F.o -Bstatic -lifport -lifcore -limf -lsvml -Bdynamic -lm -Bstatic -lipgo -lirc -Bdynamic -lpthread -Bstatic -lsvml -Bdynamic -lc -lgcc -lgcc_s -Bstatic -lirc_s -Bdynamic -ldl -lc /usr/lib/gcc/x86_64-redhat-linux/4.4.7/crtend.o /usr/lib/gcc/x86_64-redhat-linux/4.4.7/../../../../lib64/crtn.o
gmake[1]: Leaving directory `/home/rs/software/MCCCS-MN-10-21/exe-ifort-10-21/CMakeFiles/CMakeTmp'


Parsed Fortran implicit link information from above output:
  link line regex: [^( *|.*[/\])(ld|([^/\]+-)?ld|collect2)[^/\]*( |$)]
  ignore line: [Change Dir: /home/rs/software/MCCCS-MN-10-21/exe-ifort-10-21/CMakeFiles/CMakeTmp]
  ignore line: []
  ignore line: [Run Build Command:"/usr/bin/gmake" "cmTC_6c7c0/fast"]
  ignore line: [/usr/bin/gmake -f CMakeFiles/cmTC_6c7c0.dir/build.make CMakeFiles/cmTC_6c7c0.dir/build]
  ignore line: [gmake[1]: Entering directory `/home/rs/software/MCCCS-MN-10-21/exe-ifort-10-21/CMakeFiles/CMakeTmp']
  ignore line: [Building Fortran object CMakeFiles/cmTC_6c7c0.dir/CMakeFortranCompilerABI.F.o]
  ignore line: [/share/apps/intel/composer_xe_2013.1.117/bin/intel64/ifort     -c /share/apps/cmake-3.4.3/share/cmake-3.4/Modules/CMakeFortranCompilerABI.F -o CMakeFiles/cmTC_6c7c0.dir/CMakeFortranCompilerABI.F.o]
  ignore line: [Linking Fortran executable cmTC_6c7c0]
  ignore line: [/share/apps/cmake-3.4.3/bin/cmake -E cmake_link_script CMakeFiles/cmTC_6c7c0.dir/link.txt --verbose=1]
  ignore line: [/share/apps/intel/composer_xe_2013.1.117/bin/intel64/ifort    -v   CMakeFiles/cmTC_6c7c0.dir/CMakeFortranCompilerABI.F.o  -o cmTC_6c7c0   ]
  ignore line: [ifort version 13.0.1]
  ignore line: [/share/apps/intel/composer_xe_2013.1.117/bin/intel64/fortcom    -mP1OPT_version=13.0-intel64 -mGLOB_diag_file=CMakeFiles/cmTC_6c7c0.dir/CMakeFortranCompilerABI.F.diag -mGLOB_source_language=GLOB_SOURCE_LANGUAGE_F90 -mGLOB_tune_for_fort -mGLOB_use_fort_dope_vector -mP2OPT_static_promotion -mP1OPT_print_version=FALSE -mCG_use_gas_got_workaround=F -mP2OPT_align_option_used=TRUE -mGLOB_gcc_version=447 "-mGLOB_options_string=-v -o cmTC_6c7c0" -mGLOB_cxx_limited_range=FALSE -mCG_extend_parms=FALSE -mGLOB_compiler_bin_directory=/share/apps/intel/composer_xe_2013.1.117/bin/intel64 -mGLOB_as_output_backup_file_name=/tmp/ifort9cLzemas_.s -mIPOPT_activate -mGLOB_machine_model=GLOB_MACHINE_MODEL_EFI2 -mGLOB_product_id_code=0x22006d91 -mCG_bnl_movbe=T -mP3OPT_use_mspp_call_convention -mP2OPT_subs_out_of_bound=FALSE -mGLOB_ansi_alias -mPGOPTI_value_profile_use=T -mP2OPT_il0_array_sections=TRUE -mP2OPT_offload_unique_var_string=ifort1990170100DUUs6K -mP2OPT_hlo -mP2OPT_hpo_rtt_control=0 -mIPOPT_args_in_regs=0 -mP2OPT_disam_assume_nonstd_intent_in=FALSE -mGLOB_imf_mapping_library=/share/apps/intel/composer_xe_2013.1.117/bin/intel64/libiml_attr.so -mIPOPT_link -mIPOPT_ipo_activate -mIPOPT_mo_activate -mIPOPT_source_files_list=/tmp/ifortslisa7XRo2 -mIPOPT_mo_global_data -mIPOPT_link_script_file=/tmp/ifortscriptQPkG08 "-mIPOPT_link_version=2.20.51.0.2-5.42.el6 20100205" "-mIPOPT_cmdline_link="/usr/lib/gcc/x86_64-redhat-linux/4.4.7/../../../../lib64/crt1.o" "/usr/lib/gcc/x86_64-redhat-linux/4.4.7/../../../../lib64/crti.o" "/usr/lib/gcc/x86_64-redhat-linux/4.4.7/crtbegin.o" "--eh-frame-hdr" "--build-id" "-dynamic-linker" "/lib64/ld-linux-x86-64.so.2" "-o" "cmTC_6c7c0" "/share/apps/intel/composer_xe_2013.1.117/compiler/lib/intel64/for_main.o" "-L/share/apps/intel/composer_xe_2013.1.117/compiler/lib/intel64" "-L/share/apps/intel/composer_xe_2013.1.117/mkl/lib/intel64" "-L/share/apps/intel/composer_xe_2013.1.117/ipp/lib/intel64" "-L/share/apps/intel/composer_xe_2013.1.117/tbb/lib/intel64/gcc4.4" "-L/share/apps/intel/composer_xe_2013.1.117/compiler/lib/intel64" "-L/usr/lib/gcc/x86_64-redhat-linux/4.4.7/" "-L/usr/lib/gcc/x86_64-redhat-linux/4.4.7/../../../../lib64" "-L/usr/lib/gcc/x86_64-redhat-linux/4.4.7/../../../../lib64/" "-L/lib/../lib64" "-L/lib/../lib64/" "-L/usr/lib/../lib64" "-L/usr/lib/../lib64/" "-L/share/apps/intel/composer_xe_2013.1.117/compiler/lib/intel64/" "-L/share/apps/intel/composer_xe_2013.1.117/mkl/lib/intel64/" "-L/share/apps/intel/composer_xe_2013.1.117/ipp/lib/intel64/" "-L/usr/lib/gcc/x86_64-redhat-linux/4.4.7/../../../" "-L/lib64" "-L/lib/" "-L/usr/lib64" "-L/usr/lib" "CMakeFiles/cmTC_6c7c0.dir/CMakeFortranCompilerABI.F.o" "-Bstatic" "-lifport" "-lifcore" "-limf" "-lsvml" "-Bdynamic" "-lm" "-Bstatic" "-lipgo" "-lirc" "-Bdynamic" "-lpthread" "-Bstatic" "-lsvml" "-Bdynamic" "-lc" "-lgcc" "-lgcc_s" "-Bstatic" "-lirc_s" "-Bdynamic" "-ldl" "-lc" "/usr/lib/gcc/x86_64-redhat-linux/4.4.7/crtend.o" "/usr/lib/gcc/x86_64-redhat-linux/4.4.7/../../../../lib64/crtn.o"" -mIPOPT_il_in_obj -mIPOPT_ipo_activate_warn=FALSE -mIPOPT_obj_output_file_name=/tmp/ipo_ifortU8g4Jo.o -mIPOPT_whole_archive_fixup_file_name=/tmp/ifortwarchErEkXj "-mGLOB_linker_version=2.20.51.0.2-5.42.el6 20100205" -mGLOB_long_size_64 -mGLOB_routine_pointer_size_64 -mGLOB_driver_tempfile_name=/tmp/iforttempfileCmu7Bq -mP3OPT_asm_target=P3OPT_ASM_TARGET_GAS -mGLOB_async_unwind_tables=TRUE -mGLOB_obj_output_file=/tmp/ipo_ifortU8g4Jo.o -mGLOB_source_dialect=GLOB_SOURCE_DIALECT_NONE -mP1OPT_source_file_name=ipo_out.f -mP2OPT_symtab_type_copy=true CMakeFiles/cmTC_6c7c0.dir/CMakeFortranCompilerABI.F.o -mIPOPT_object_files=T -mIPOPT_assembly_files=/tmp/ifortalisbMAEXB -mIPOPT_generated_tempfiles=/tmp/ifortelisdF6rzI -mIPOPT_embedded_object_base_name=/tmp/iforteobjn8PfbP -mIPOPT_cmdline_link_new_name=/tmp/ifortllisR1N3MV]
  link line: [ld    /usr/lib/gcc/x86_64-redhat-linux/4.4.7/../../../../lib64/crt1.o /usr/lib/gcc/x86_64-redhat-linux/4.4.7/../../../../lib64/crti.o /usr/lib/gcc/x86_64-redhat-linux/4.4.7/crtbegin.o --eh-frame-hdr --build-id -dynamic-linker /lib64/ld-linux-x86-64.so.2 -o cmTC_6c7c0 /share/apps/intel/composer_xe_2013.1.117/compiler/lib/intel64/for_main.o -L/share/apps/intel/composer_xe_2013.1.117/compiler/lib/intel64 -L/share/apps/intel/composer_xe_2013.1.117/mkl/lib/intel64 -L/share/apps/intel/composer_xe_2013.1.117/ipp/lib/intel64 -L/share/apps/intel/composer_xe_2013.1.117/tbb/lib/intel64/gcc4.4 -L/share/apps/intel/composer_xe_2013.1.117/compiler/lib/intel64 -L/usr/lib/gcc/x86_64-redhat-linux/4.4.7/ -L/usr/lib/gcc/x86_64-redhat-linux/4.4.7/../../../../lib64 -L/usr/lib/gcc/x86_64-redhat-linux/4.4.7/../../../../lib64/ -L/lib/../lib64 -L/lib/../lib64/ -L/usr/lib/../lib64 -L/usr/lib/../lib64/ -L/share/apps/intel/composer_xe_2013.1.117/compiler/lib/intel64/ -L/share/apps/intel/composer_xe_2013.1.117/mkl/lib/intel64/ -L/share/apps/intel/composer_xe_2013.1.117/ipp/lib/intel64/ -L/usr/lib/gcc/x86_64-redhat-linux/4.4.7/../../../ -L/lib64 -L/lib/ -L/usr/lib64 -L/usr/lib CMakeFiles/cmTC_6c7c0.dir/CMakeFortranCompilerABI.F.o -Bstatic -lifport -lifcore -limf -lsvml -Bdynamic -lm -Bstatic -lipgo -lirc -Bdynamic -lpthread -Bstatic -lsvml -Bdynamic -lc -lgcc -lgcc_s -Bstatic -lirc_s -Bdynamic -ldl -lc /usr/lib/gcc/x86_64-redhat-linux/4.4.7/crtend.o /usr/lib/gcc/x86_64-redhat-linux/4.4.7/../../../../lib64/crtn.o]
    arg [ld] ==> ignore
    arg [/usr/lib/gcc/x86_64-redhat-linux/4.4.7/../../../../lib64/crt1.o] ==> ignore
    arg [/usr/lib/gcc/x86_64-redhat-linux/4.4.7/../../../../lib64/crti.o] ==> ignore
    arg [/usr/lib/gcc/x86_64-redhat-linux/4.4.7/crtbegin.o] ==> ignore
    arg [--eh-frame-hdr] ==> ignore
    arg [--build-id] ==> ignore
    arg [-dynamic-linker] ==> ignore
    arg [/lib64/ld-linux-x86-64.so.2] ==> ignore
    arg [-o] ==> ignore
    arg [cmTC_6c7c0] ==> ignore
    arg [/share/apps/intel/composer_xe_2013.1.117/compiler/lib/intel64/for_main.o] ==> ignore
    arg [-L/share/apps/intel/composer_xe_2013.1.117/compiler/lib/intel64] ==> dir [/share/apps/intel/composer_xe_2013.1.117/compiler/lib/intel64]
    arg [-L/share/apps/intel/composer_xe_2013.1.117/mkl/lib/intel64] ==> dir [/share/apps/intel/composer_xe_2013.1.117/mkl/lib/intel64]
    arg [-L/share/apps/intel/composer_xe_2013.1.117/ipp/lib/intel64] ==> dir [/share/apps/intel/composer_xe_2013.1.117/ipp/lib/intel64]
    arg [-L/share/apps/intel/composer_xe_2013.1.117/tbb/lib/intel64/gcc4.4] ==> dir [/share/apps/intel/composer_xe_2013.1.117/tbb/lib/intel64/gcc4.4]
    arg [-L/share/apps/intel/composer_xe_2013.1.117/compiler/lib/intel64] ==> dir [/share/apps/intel/composer_xe_2013.1.117/compiler/lib/intel64]
    arg [-L/usr/lib/gcc/x86_64-redhat-linux/4.4.7/] ==> dir [/usr/lib/gcc/x86_64-redhat-linux/4.4.7/]
    arg [-L/usr/lib/gcc/x86_64-redhat-linux/4.4.7/../../../../lib64] ==> dir [/usr/lib/gcc/x86_64-redhat-linux/4.4.7/../../../../lib64]
    arg [-L/usr/lib/gcc/x86_64-redhat-linux/4.4.7/../../../../lib64/] ==> dir [/usr/lib/gcc/x86_64-redhat-linux/4.4.7/../../../../lib64/]
    arg [-L/lib/../lib64] ==> dir [/lib/../lib64]
    arg [-L/lib/../lib64/] ==> dir [/lib/../lib64/]
    arg [-L/usr/lib/../lib64] ==> dir [/usr/lib/../lib64]
    arg [-L/usr/lib/../lib64/] ==> dir [/usr/lib/../lib64/]
    arg [-L/share/apps/intel/composer_xe_2013.1.117/compiler/lib/intel64/] ==> dir [/share/apps/intel/composer_xe_2013.1.117/compiler/lib/intel64/]
    arg [-L/share/apps/intel/composer_xe_2013.1.117/mkl/lib/intel64/] ==> dir [/share/apps/intel/composer_xe_2013.1.117/mkl/lib/intel64/]
    arg [-L/share/apps/intel/composer_xe_2013.1.117/ipp/lib/intel64/] ==> dir [/share/apps/intel/composer_xe_2013.1.117/ipp/lib/intel64/]
    arg [-L/usr/lib/gcc/x86_64-redhat-linux/4.4.7/../../../] ==> dir [/usr/lib/gcc/x86_64-redhat-linux/4.4.7/../../../]
    arg [-L/lib64] ==> dir [/lib64]
    arg [-L/lib/] ==> dir [/lib/]
    arg [-L/usr/lib64] ==> dir [/usr/lib64]
    arg [-L/usr/lib] ==> dir [/usr/lib]
    arg [CMakeFiles/cmTC_6c7c0.dir/CMakeFortranCompilerABI.F.o] ==> ignore
    arg [-Bstatic] ==> ignore
    arg [-lifport] ==> lib [ifport]
    arg [-lifcore] ==> lib [ifcore]
    arg [-limf] ==> lib [imf]
    arg [-lsvml] ==> lib [svml]
    arg [-Bdynamic] ==> ignore
    arg [-lm] ==> lib [m]
    arg [-Bstatic] ==> ignore
    arg [-lipgo] ==> lib [ipgo]
    arg [-lirc] ==> lib [irc]
    arg [-Bdynamic] ==> ignore
    arg [-lpthread] ==> lib [pthread]
    arg [-Bstatic] ==> ignore
    arg [-lsvml] ==> lib [svml]
    arg [-Bdynamic] ==> ignore
    arg [-lc] ==> lib [c]
    arg [-lgcc] ==> lib [gcc]
    arg [-lgcc_s] ==> lib [gcc_s]
    arg [-Bstatic] ==> ignore
    arg [-lirc_s] ==> lib [irc_s]
    arg [-Bdynamic] ==> ignore
    arg [-ldl] ==> lib [dl]
    arg [-lc] ==> lib [c]
    arg [/usr/lib/gcc/x86_64-redhat-linux/4.4.7/crtend.o] ==> ignore
    arg [/usr/lib/gcc/x86_64-redhat-linux/4.4.7/../../../../lib64/crtn.o] ==> ignore
  remove lib [gcc]
  remove lib [gcc_s]
  collapse library dir [/share/apps/intel/composer_xe_2013.1.117/compiler/lib/intel64] ==> [/share/apps/intel/composer_xe_2013.1.117/compiler/lib/intel64]
  collapse library dir [/share/apps/intel/composer_xe_2013.1.117/mkl/lib/intel64] ==> [/share/apps/intel/composer_xe_2013.1.117/mkl/lib/intel64]
  collapse library dir [/share/apps/intel/composer_xe_2013.1.117/ipp/lib/intel64] ==> [/share/apps/intel/composer_xe_2013.1.117/ipp/lib/intel64]
  collapse library dir [/share/apps/intel/composer_xe_2013.1.117/tbb/lib/intel64/gcc4.4] ==> [/share/apps/intel/composer_xe_2013.1.117/tbb/lib/intel64/gcc4.4]
  collapse library dir [/share/apps/intel/composer_xe_2013.1.117/compiler/lib/intel64] ==> [/share/apps/intel/composer_xe_2013.1.117/compiler/lib/intel64]
  collapse library dir [/usr/lib/gcc/x86_64-redhat-linux/4.4.7/] ==> [/usr/lib/gcc/x86_64-redhat-linux/4.4.7]
  collapse library dir [/usr/lib/gcc/x86_64-redhat-linux/4.4.7/../../../../lib64] ==> [/usr/lib64]
  collapse library dir [/usr/lib/gcc/x86_64-redhat-linux/4.4.7/../../../../lib64/] ==> [/usr/lib64]
  collapse library dir [/lib/../lib64] ==> [/lib64]
  collapse library dir [/lib/../lib64/] ==> [/lib64]
  collapse library dir [/usr/lib/../lib64] ==> [/usr/lib64]
  collapse library dir [/usr/lib/../lib64/] ==> [/usr/lib64]
  collapse library dir [/share/apps/intel/composer_xe_2013.1.117/compiler/lib/intel64/] ==> [/share/apps/intel/composer_xe_2013.1.117/compiler/lib/intel64]
  collapse library dir [/share/apps/intel/composer_xe_2013.1.117/mkl/lib/intel64/] ==> [/share/apps/intel/composer_xe_2013.1.117/mkl/lib/intel64]
  collapse library dir [/share/apps/intel/composer_xe_2013.1.117/ipp/lib/intel64/] ==> [/share/apps/intel/composer_xe_2013.1.117/ipp/lib/intel64]
  collapse library dir [/usr/lib/gcc/x86_64-redhat-linux/4.4.7/../../../] ==> [/usr/lib]
  collapse library dir [/lib64] ==> [/lib64]
  collapse library dir [/lib/] ==> [/lib]
  collapse library dir [/usr/lib64] ==> [/usr/lib64]
  collapse library dir [/usr/lib] ==> [/usr/lib]
  implicit libs: [ifport;ifcore;imf;svml;m;ipgo;irc;pthread;svml;c;irc_s;dl;c]
  implicit dirs: [/share/apps/intel/composer_xe_2013.1.117/compiler/lib/intel64;/share/apps/intel/composer_xe_2013.1.117/mkl/lib/intel64;/share/apps/intel/composer_xe_2013.1.117/ipp/lib/intel64;/share/apps/intel/composer_xe_2013.1.117/tbb/lib/intel64/gcc4.4;/usr/lib/gcc/x86_64-redhat-linux/4.4.7;/usr/lib64;/lib64;/usr/lib;/lib]
  implicit fwks: []


Determining if the Fortran compiler supports Fortran 90 passed with the following output:
Change Dir: /home/rs/software/MCCCS-MN-10-21/exe-ifort-10-21/CMakeFiles/CMakeTmp

Run Build Command:"/usr/bin/gmake" "cmTC_caefd/fast"
/usr/bin/gmake -f CMakeFiles/cmTC_caefd.dir/build.make CMakeFiles/cmTC_caefd.dir/build
gmake[1]: Entering directory `/home/rs/software/MCCCS-MN-10-21/exe-ifort-10-21/CMakeFiles/CMakeTmp'
Building Fortran object CMakeFiles/cmTC_caefd.dir/testFortranCompilerF90.f90.o
/share/apps/intel/composer_xe_2013.1.117/bin/intel64/ifort     -c /home/rs/software/MCCCS-MN-10-21/exe-ifort-10-21/CMakeFiles/CMakeTmp/testFortranCompilerF90.f90 -o CMakeFiles/cmTC_caefd.dir/testFortranCompilerF90.f90.o
Linking Fortran executable cmTC_caefd
/share/apps/cmake-3.4.3/bin/cmake -E cmake_link_script CMakeFiles/cmTC_caefd.dir/link.txt --verbose=1
/share/apps/intel/composer_xe_2013.1.117/bin/intel64/ifort       CMakeFiles/cmTC_caefd.dir/testFortranCompilerF90.f90.o  -o cmTC_caefd  
gmake[1]: Leaving directory `/home/rs/software/MCCCS-MN-10-21/exe-ifort-10-21/CMakeFiles/CMakeTmp'


